c:\users\simon c\desktop\游戏设计框架\myfirstapp\release\vc120.pdb
c:\users\simon c\desktop\游戏设计框架\myfirstapp\release\vc120.idb
c:\users\simon c\desktop\游戏设计框架\myfirstapp\release\brick.obj
c:\users\simon c\desktop\游戏设计框架\myfirstapp\release\capp.obj
c:\users\simon c\desktop\游戏设计框架\myfirstapp\release\cbackground.obj
c:\users\simon c\desktop\游戏设计框架\myfirstapp\release\cimg.obj
c:\users\simon c\desktop\游戏设计框架\myfirstapp\release\cimgmanager.obj
c:\users\simon c\desktop\游戏设计框架\myfirstapp\release\cmovablemgr.obj
c:\users\simon c\desktop\游戏设计框架\myfirstapp\release\coin.obj
c:\users\simon c\desktop\游戏设计框架\myfirstapp\release\crole.obj
c:\users\simon c\desktop\游戏设计框架\myfirstapp\release\ctriangle.obj
c:\users\simon c\desktop\游戏设计框架\myfirstapp\release\enemy.obj
c:\users\simon c\desktop\游戏设计框架\myfirstapp\release\engine_system.obj
c:\users\simon c\desktop\游戏设计框架\myfirstapp\release\imovable.obj
c:\users\simon c\desktop\游戏设计框架\myfirstapp\release\main.obj
c:\users\simon c\desktop\游戏设计框架\myfirstapp\release\mapistrategy.obj
c:\users\simon c\desktop\游戏设计框架\myfirstapp\release\mario.obj
c:\users\simon c\desktop\游戏设计框架\myfirstapp\release\pipe.obj
c:\users\simon c\desktop\游戏设计框架\myfirstapp\release\pointf.obj
c:\users\simon c\desktop\游戏设计框架\myfirstapp\release\soundmanage.obj
c:\users\simon c\desktop\游戏设计框架\myfirstapp\release\turtle.obj
c:\users\simon c\desktop\游戏设计框架\release\myfirstapp.exe
c:\users\simon c\desktop\游戏设计框架\release\myfirstapp.pdb
c:\users\simon c\desktop\游戏设计框架\myfirstapp\release\myfirstapp.tlog\cl.command.1.tlog
c:\users\simon c\desktop\游戏设计框架\myfirstapp\release\myfirstapp.tlog\cl.read.1.tlog
c:\users\simon c\desktop\游戏设计框架\myfirstapp\release\myfirstapp.tlog\cl.write.1.tlog
c:\users\simon c\desktop\游戏设计框架\myfirstapp\release\myfirstapp.tlog\link.command.1.tlog
c:\users\simon c\desktop\游戏设计框架\myfirstapp\release\myfirstapp.tlog\link.read.1.tlog
c:\users\simon c\desktop\游戏设计框架\myfirstapp\release\myfirstapp.tlog\link.write.1.tlog
