c:\users\simon c\desktop\游戏设计框架\myfirstapp\debug\vc120.pdb
c:\users\simon c\desktop\游戏设计框架\myfirstapp\debug\vc120.idb
c:\users\simon c\desktop\游戏设计框架\myfirstapp\debug\brick.obj
c:\users\simon c\desktop\游戏设计框架\myfirstapp\debug\capp.obj
c:\users\simon c\desktop\游戏设计框架\myfirstapp\debug\cbackground.obj
c:\users\simon c\desktop\游戏设计框架\myfirstapp\debug\cimg.obj
c:\users\simon c\desktop\游戏设计框架\myfirstapp\debug\cimgmanager.obj
c:\users\simon c\desktop\游戏设计框架\myfirstapp\debug\cmovablemgr.obj
c:\users\simon c\desktop\游戏设计框架\myfirstapp\debug\coin.obj
c:\users\simon c\desktop\游戏设计框架\myfirstapp\debug\crole.obj
c:\users\simon c\desktop\游戏设计框架\myfirstapp\debug\ctriangle.obj
c:\users\simon c\desktop\游戏设计框架\myfirstapp\debug\enemy.obj
c:\users\simon c\desktop\游戏设计框架\myfirstapp\debug\engine_system.obj
c:\users\simon c\desktop\游戏设计框架\myfirstapp\debug\imovable.obj
c:\users\simon c\desktop\游戏设计框架\myfirstapp\debug\main.obj
c:\users\simon c\desktop\游戏设计框架\myfirstapp\debug\mapistrategy.obj
c:\users\simon c\desktop\游戏设计框架\myfirstapp\debug\mario.obj
c:\users\simon c\desktop\游戏设计框架\myfirstapp\debug\pipe.obj
c:\users\simon c\desktop\游戏设计框架\myfirstapp\debug\pointf.obj
c:\users\simon c\desktop\游戏设计框架\myfirstapp\debug\soundmanage.obj
c:\users\simon c\desktop\游戏设计框架\myfirstapp\debug\turtle.obj
c:\users\simon c\desktop\游戏设计框架\debug\myfirstapp.ilk
c:\users\simon c\desktop\游戏设计框架\debug\myfirstapp.exe
c:\users\simon c\desktop\游戏设计框架\debug\myfirstapp.pdb
c:\users\simon c\desktop\游戏设计框架\myfirstapp\debug\myfirstapp.tlog\cl.command.1.tlog
c:\users\simon c\desktop\游戏设计框架\myfirstapp\debug\myfirstapp.tlog\cl.read.1.tlog
c:\users\simon c\desktop\游戏设计框架\myfirstapp\debug\myfirstapp.tlog\cl.write.1.tlog
c:\users\simon c\desktop\游戏设计框架\myfirstapp\debug\myfirstapp.tlog\link.command.1.tlog
c:\users\simon c\desktop\游戏设计框架\myfirstapp\debug\myfirstapp.tlog\link.read.1.tlog
c:\users\simon c\desktop\游戏设计框架\myfirstapp\debug\myfirstapp.tlog\link.write.1.tlog
